<?xml version="1.0" encoding="UTF-8"?>
<!-- Generated by org.testng.reporters.JUnitReportReporter -->
<testsuite skipped="0" hostname="paapukutty" name="demo.TestNGGroupsDemo" tests="4" failures="0" timestamp="2020-06-30T01:08:39 EDT" time="0.041" errors="0">
  <testcase name="test1" time="0.024" classname="demo.TestNGGroupsDemo"/>
  <system-out/>
  <testcase name="test4" time="0.004" classname="demo.TestNGGroupsDemo"/>
  <system-out/>
  <testcase name="test3" time="0.008" classname="demo.TestNGGroupsDemo"/>
  <system-out/>
  <testcase name="test2" time="0.005" classname="demo.TestNGGroupsDemo"/>
  <system-out/>
</testsuite> <!-- demo.TestNGGroupsDemo -->
