<?xml version="1.0" encoding="UTF-8"?>
<!-- Generated by org.testng.reporters.JUnitReportReporter -->
<testsuite skipped="0" hostname="paapukutty" name="demo.Test1" tests="1" failures="0" timestamp="2020-06-30T16:55:15 EDT" time="9.253" errors="0">
  <testcase name="test1" time="9.253" classname="demo.Test1"/>
  <system-out/>
</testsuite> <!-- demo.Test1 -->
