<?xml version="1.0" encoding="UTF-8"?>
<!-- Generated by org.testng.reporters.JUnitReportReporter -->
<testsuite skipped="0" hostname="paapukutty" name="utils.ExcelDataProvider" tests="3" failures="0" timestamp="2020-06-28T17:41:03 EDT" time="11.232" errors="0">
  <testcase name="test1" time="2.836" classname="utils.ExcelDataProvider"/>
  <system-out/>
  <testcase name="test1" time="2.555" classname="utils.ExcelDataProvider"/>
  <system-out/>
  <testcase name="test1" time="5.841" classname="utils.ExcelDataProvider"/>
  <system-out/>
</testsuite> <!-- utils.ExcelDataProvider -->
