<?xml version="1.0" encoding="UTF-8"?>
<!-- Generated by org.testng.reporters.JUnitReportReporter -->
<testsuite skipped="1" hostname="paapukutty" name="demo.TestNgIgnoreDemo" tests="2" failures="0" timestamp="2020-06-30T01:23:47 EDT" time="0.020" errors="0">
  <testcase name="test2" time="0.020" classname="demo.TestNgIgnoreDemo"/>
  <system-out/>
  <testcase name="test1" classname="demo.TestNgIgnoreDemo">
    <skipped/>
  </testcase> <!-- test1 -->
  <system-out/>
</testsuite> <!-- demo.TestNgIgnoreDemo -->
