<?xml version="1.0" encoding="UTF-8"?>
<!-- Generated by org.testng.reporters.JUnitReportReporter -->
<testsuite skipped="0" hostname="paapukutty" name="demo.TestNGParametersDemo" tests="1" failures="0" timestamp="2020-06-29T21:19:49 EDT" time="0.062" errors="0">
  <testcase name="test" time="0.062" classname="demo.TestNGParametersDemo"/>
  <system-out/>
</testsuite> <!-- demo.TestNGParametersDemo -->
