<?xml version="1.0" encoding="UTF-8"?>
<!-- Generated by org.testng.reporters.JUnitReportReporter -->
<testsuite skipped="0" hostname="paapukutty" name="demo.TestNGPriorityDemo" tests="3" failures="0" timestamp="2020-06-29T12:30:28 EDT" time="0.100" errors="0">
  <testcase name="one" time="0.071" classname="demo.TestNGPriorityDemo"/>
  <system-out/>
  <testcase name="two" time="0.022" classname="demo.TestNGPriorityDemo"/>
  <system-out/>
  <testcase name="three" time="0.007" classname="demo.TestNGPriorityDemo"/>
  <system-out/>
</testsuite> <!-- demo.TestNGPriorityDemo -->
