<?xml version="1.0" encoding="UTF-8"?>
<!-- Generated by org.testng.reporters.JUnitReportReporter -->
<testsuite skipped="0" hostname="paapukutty" name="test.TestNG_Demo2" tests="1" failures="0" timestamp="2020-06-22T12:54:48 EDT" time="13.616" errors="0">
  <testcase name="googleSearch2" time="13.616" classname="test.TestNG_Demo2"/>
  <system-out/>
</testsuite> <!-- test.TestNG_Demo2 -->
