<?xml version="1.0" encoding="UTF-8"?>
<!-- Generated by org.testng.reporters.JUnitReportReporter -->
<testsuite skipped="0" hostname="paapukutty" name="test.ExtentReportsDemoWithTestNG" tests="2" failures="0" timestamp="2020-06-21T18:35:40 EDT" time="3.262" errors="0">
  <testcase name="test2" time="0.005" classname="test.ExtentReportsDemoWithTestNG"/>
  <system-out/>
  <testcase name="test1" time="3.257" classname="test.ExtentReportsDemoWithTestNG"/>
  <system-out/>
</testsuite> <!-- test.ExtentReportsDemoWithTestNG -->
