<?xml version="1.0" encoding="UTF-8"?>
<!-- Generated by org.testng.reporters.JUnitReportReporter -->
<testsuite skipped="0" hostname="paapukutty" name="demo.TestNGDependencyDemo" tests="3" failures="0" timestamp="2020-06-30T01:10:52 EDT" time="0.055" errors="0">
  <testcase name="test2" time="0.040" classname="demo.TestNGDependencyDemo"/>
  <system-out/>
  <testcase name="test1" time="0.008" classname="demo.TestNGDependencyDemo"/>
  <system-out/>
  <testcase name="test3" time="0.007" classname="demo.TestNGDependencyDemo"/>
  <system-out/>
</testsuite> <!-- demo.TestNGDependencyDemo -->
